
running 1 test
["x_", "1", "", "", "2", ""]
test multivariate_poly::tests::test_latex ... FAILED

failures:

failures:
    multivariate_poly::tests::test_latex

test result: FAILED. 0 passed; 1 failed; 0 ignored; 0 measured; 17 filtered out; finished in 0.02s

